<testsuites id="" name="" tests="9" failures="6" skipped="0" errors="0" time="97.27">
<testsuite name="01_add-media-menu-test.spec.js" timestamp="1670438739368" hostname="" tests="4" failures="1" skipped="0" time="26.336" errors="0">
<testcase name="Prepare Test scenario Perform Scenario creation for tests" classname="[chromium] › 01_add-media-menu-test.spec.js:10:5 › Prepare Test scenario › Perform Scenario creation for tests" time="21.348">
<failure message="01_add-media-menu-test.spec.js:10:5 Perform Scenario creation for tests" type="FAILURE">
  [chromium] › 01_add-media-menu-test.spec.js:10:5 › Prepare Test scenario › Perform Scenario creation for tests 

    locator.click: Timeout 20000ms exceeded.
    =========================== logs ===========================
    waiting for selector "role=button[name="Create Menu"i]"
    ============================================================

      12 |         await page.locator('input[name="menu-name"]').fill('Main Menu');
      13 |
    > 14 |         await page.locator('role=button[name="Create Menu"i]').click();
         |                                                                ^
      15 |         // Add pages to menu
      16 |         await page.locator('.menu-item-title').first().check();
      17 |         await page.locator('role=button[name="Add to Menu"i]').click();

        at /Users/alvitazwar/Desktop/rt-Project/wp-menu-custom-fields/tests/e2e-playwright/specs/01_add-media-menu-test.spec.js:14:64

    attachment #1: trace (application/zip) ---------------------------------------------------------
    artifacts/test-results/01_add-media-menu-test-Prepare-Test-scenario-Perform-Scenario-creation-for-tests-chromium/trace.zip
    Usage:

        npx playwright show-trace artifacts/test-results/01_add-media-menu-test-Prepare-Test-scenario-Perform-Scenario-creation-for-tests-chromium/trace.zip

    ------------------------------------------------------------------------------------------------

</failure>
<system-out>

[[ATTACHMENT|../artifacts/test-results/01_add-media-menu-test-Prepare-Test-scenario-Perform-Scenario-creation-for-tests-chromium/trace.zip]]

</system-out>
</testcase>
<testcase name="Prepare Test scenario Upload image" classname="[chromium] › 01_add-media-menu-test.spec.js:41:5 › Prepare Test scenario › Upload image" time="1.553">
</testcase>
<testcase name="Prepare Test scenario Upload video" classname="[chromium] › 01_add-media-menu-test.spec.js:58:5 › Prepare Test scenario › Upload video" time="1.658">
</testcase>
<testcase name="Prepare Test scenario Upload audio" classname="[chromium] › 01_add-media-menu-test.spec.js:73:5 › Prepare Test scenario › Upload audio" time="1.777">
</testcase>
</testsuite>
<testsuite name="02_image-link-test.spec.js" timestamp="1670438739368" hostname="" tests="1" failures="1" skipped="0" time="20.982" errors="0">
<testcase name="Validate Imagelink Check Image-Link" classname="[chromium] › 02_image-link-test.spec.js:11:5 › Validate Imagelink › Check Image-Link" time="20.982">
<failure message="02_image-link-test.spec.js:11:5 Check Image-Link" type="FAILURE">
  [chromium] › 02_image-link-test.spec.js:11:5 › Validate Imagelink › Check Image-Link =============

    locator.click: Timeout 20000ms exceeded.
    =========================== logs ===========================
    waiting for selector "a[class='item-edit'][id*='edit-'] >> nth=1"
    ============================================================

      11 |     test('Check Image-Link', async ({ page, pageUtils }) => {
      12 |         //Expand Featured Image
    > 13 |         await page.locator("a[class='item-edit'][id*='edit-']").nth(1).click();
         |                                                                        ^
      14 |         //Add Proper title
      15 |         await page.locator("textarea[id*='menu-item-custom-text-']").nth(1).click();
      16 |         await pageUtils.pressKeyWithModifier('primary', 'a');

        at /Users/alvitazwar/Desktop/rt-Project/wp-menu-custom-fields/tests/e2e-playwright/specs/02_image-link-test.spec.js:13:72

    attachment #1: trace (application/zip) ---------------------------------------------------------
    artifacts/test-results/02_image-link-test-Validate-Imagelink-Check-Image-Link-chromium/trace.zip
    Usage:

        npx playwright show-trace artifacts/test-results/02_image-link-test-Validate-Imagelink-Check-Image-Link-chromium/trace.zip

    ------------------------------------------------------------------------------------------------

</failure>
<system-out>

[[ATTACHMENT|../artifacts/test-results/02_image-link-test-Validate-Imagelink-Check-Image-Link-chromium/trace.zip]]

</system-out>
</testcase>
</testsuite>
<testsuite name="03_custom-html-test.spec.js" timestamp="1670438739368" hostname="" tests="1" failures="1" skipped="0" time="21.206" errors="0">
<testcase name="Validate Custom HTML Check custom html" classname="[chromium] › 03_custom-html-test.spec.js:9:5 › Validate Custom HTML › Check custom html" time="21.206">
<failure message="03_custom-html-test.spec.js:9:5 Check custom html" type="FAILURE">
  [chromium] › 03_custom-html-test.spec.js:9:5 › Validate Custom HTML › Check custom html ==========

    locator.click: Timeout 20000ms exceeded.
    =========================== logs ===========================
    waiting for selector "a[class='item-edit'][id*='edit-'] >> nth=1"
    ============================================================

       9 |     test('Check custom html', async ({ page, pageUtils }) => {
      10 |         //Expand Custom Html
    > 11 |         await page.locator("a[class='item-edit'][id*='edit-']").nth(1).click();
         |                                                                        ^
      12 |         //Add Proper title
      13 |         await page.locator("textarea[id*='menu-item-custom-text-']").nth(1).click();
      14 |         await pageUtils.pressKeyWithModifier('primary', 'a');

        at /Users/alvitazwar/Desktop/rt-Project/wp-menu-custom-fields/tests/e2e-playwright/specs/03_custom-html-test.spec.js:11:72

    attachment #1: trace (application/zip) ---------------------------------------------------------
    artifacts/test-results/03_custom-html-test-Validate-Custom-HTML-Check-custom-html-chromium/trace.zip
    Usage:

        npx playwright show-trace artifacts/test-results/03_custom-html-test-Validate-Custom-HTML-Check-custom-html-chromium/trace.zip

    ------------------------------------------------------------------------------------------------

</failure>
<system-out>

[[ATTACHMENT|../artifacts/test-results/03_custom-html-test-Validate-Custom-HTML-Check-custom-html-chromium/trace.zip]]

</system-out>
</testcase>
</testsuite>
<testsuite name="04_feature-image-test.spec.js" timestamp="1670438739368" hostname="" tests="1" failures="1" skipped="0" time="21.123" errors="0">
<testcase name="Validate Feature Image Check Feature Image" classname="[chromium] › 04_feature-image-test.spec.js:11:5 › Validate Feature Image › Check Feature Image" time="21.123">
<failure message="04_feature-image-test.spec.js:11:5 Check Feature Image" type="FAILURE">
  [chromium] › 04_feature-image-test.spec.js:11:5 › Validate Feature Image › Check Feature Image ===

    locator.click: Timeout 20000ms exceeded.
    =========================== logs ===========================
    waiting for selector "a[class='item-edit'][id*='edit-'] >> nth=1"
    ============================================================

      12 |
      13 |         //Expand Featured Image
    > 14 |         await page.locator("a[class='item-edit'][id*='edit-']").nth(1).click();
         |                                                                        ^
      15 |
      16 |         //Add Proper title
      17 |         await page.locator("textarea[id*='menu-item-custom-text-']").nth(1).click();

        at /Users/alvitazwar/Desktop/rt-Project/wp-menu-custom-fields/tests/e2e-playwright/specs/04_feature-image-test.spec.js:14:72

    attachment #1: trace (application/zip) ---------------------------------------------------------
    artifacts/test-results/04_feature-image-test-Validate-Feature-Image-Check-Feature-Image-chromium/trace.zip
    Usage:

        npx playwright show-trace artifacts/test-results/04_feature-image-test-Validate-Feature-Image-Check-Feature-Image-chromium/trace.zip

    ------------------------------------------------------------------------------------------------

</failure>
<system-out>

[[ATTACHMENT|../artifacts/test-results/04_feature-image-test-Validate-Feature-Image-Check-Feature-Image-chromium/trace.zip]]

</system-out>
</testcase>
</testsuite>
<testsuite name="05_audio-shortcode-test.spec.js" timestamp="1670438739368" hostname="" tests="1" failures="1" skipped="0" time="1.926" errors="0">
<testcase name="Validate Audio shortcode Check Audio-shortcode" classname="[chromium] › 05_audio-shortcode-test.spec.js:10:5 › Validate Audio shortcode › Check Audio-shortcode" time="1.926">
<failure message="05_audio-shortcode-test.spec.js:10:5 Check Audio-shortcode" type="FAILURE">
  [chromium] › 05_audio-shortcode-test.spec.js:10:5 › Validate Audio shortcode › Check Audio-shortcode 

    locator.click: Error: strict mode violation: "role=checkbox[name="Impact Moderato"i]" resolved to 2 elements:
        1) &lt;li tabindex="0" data-id="178" role="checkbox" aria-…>…&lt;/li> aka playwright.$("text=audio-1.mp3 Deselect")
        2) &lt;li tabindex="0" data-id="175" role="checkbox" aria-…>…&lt;/li> aka playwright.$("text=audio.mp3 Deselect")

    =========================== logs ===========================
    waiting for selector "role=checkbox[name="Impact Moderato"i]"
    ============================================================

      11 |         // Get short code
      12 |         await admin.visitAdminPage('upload.php');
    > 13 |         await page.locator('role=checkbox[name="Impact Moderato"i]').click()
         |                                                                      ^
      14 |         //Get input value
      15 |         const inPutVal = await page.locator('role=textbox[name="File URL:"i]').inputValue();
      16 |         const Code = `[audio src="${inPutVal}"]`

        at /Users/alvitazwar/Desktop/rt-Project/wp-menu-custom-fields/tests/e2e-playwright/specs/05_audio-shortcode-test.spec.js:13:70

    attachment #1: trace (application/zip) ---------------------------------------------------------
    artifacts/test-results/05_audio-shortcode-test-Validate-Audio-shortcode-Check-Audio-shortcode-chromium/trace.zip
    Usage:

        npx playwright show-trace artifacts/test-results/05_audio-shortcode-test-Validate-Audio-shortcode-Check-Audio-shortcode-chromium/trace.zip

    ------------------------------------------------------------------------------------------------

</failure>
<system-out>

[[ATTACHMENT|../artifacts/test-results/05_audio-shortcode-test-Validate-Audio-shortcode-Check-Audio-shortcode-chromium/trace.zip]]

</system-out>
</testcase>
</testsuite>
<testsuite name="06_video-shortcode-test.spec.js" timestamp="1670438739368" hostname="" tests="1" failures="1" skipped="0" time="2.671" errors="0">
<testcase name="Validate Video shortcode Check Video-shortcode" classname="[chromium] › 06_video-shortcode-test.spec.js:10:5 › Validate Video shortcode › Check Video-shortcode" time="2.671">
<failure message="06_video-shortcode-test.spec.js:10:5 Check Video-shortcode" type="FAILURE">
  [chromium] › 06_video-shortcode-test.spec.js:10:5 › Validate Video shortcode › Check Video-shortcode 

    locator.click: Error: strict mode violation: "role=checkbox[name="video"i]" resolved to 2 elements:
        1) &lt;li tabindex="0" data-id="177" role="checkbox" aria-…>…&lt;/li> aka playwright.$("text=video-1.mp4 Deselect")
        2) &lt;li tabindex="0" data-id="174" role="checkbox" aria-…>…&lt;/li> aka playwright.$("text=video.mp4 Deselect")

    =========================== logs ===========================
    waiting for selector "role=checkbox[name="video"i]"
    ============================================================

      11 |         // Get short code
      12 |         await admin.visitAdminPage('upload.php');
    > 13 |         await page.locator('role=checkbox[name="video"i]').click()
         |                                                            ^
      14 |         //Get input value
      15 |         const inPutVal = await page.locator('role=textbox[name="File URL:"i]').inputValue();
      16 |         const Code = `[audio src="${inPutVal}"]`

        at /Users/alvitazwar/Desktop/rt-Project/wp-menu-custom-fields/tests/e2e-playwright/specs/06_video-shortcode-test.spec.js:13:60

    attachment #1: trace (application/zip) ---------------------------------------------------------
    artifacts/test-results/06_video-shortcode-test-Validate-Video-shortcode-Check-Video-shortcode-chromium/trace.zip
    Usage:

        npx playwright show-trace artifacts/test-results/06_video-shortcode-test-Validate-Video-shortcode-Check-Video-shortcode-chromium/trace.zip

    ------------------------------------------------------------------------------------------------

</failure>
<system-out>

[[ATTACHMENT|../artifacts/test-results/06_video-shortcode-test-Validate-Video-shortcode-Check-Video-shortcode-chromium/trace.zip]]

</system-out>
</testcase>
</testsuite>
</testsuites>